<?xml version="1.0" encoding="UTF-8" ?>
<testsuite tests="4" failures="0" name="io.gotan.os.log4j.discord.DiscordTest" time="5.7" errors="0" skipped="0">
  <properties>
[...]
</properties>
  <testcase classname="io.gotan.os.log4j.discord.DiscordTest" name="badURL" time="0.475"/>
  <testcase classname="io.gotan.os.log4j.discord.DiscordTest" name="sendSimpleMessage" time="0.634"/>
  <testcase classname="io.gotan.os.log4j.discord.DiscordTest" name="sendInfoLong" time="2.307"/>
  <testcase classname="io.gotan.os.log4j.discord.DiscordTest" name="sendInfo" time="2.284"/>
</testsuite>